2026-04-14 16:16:50.792 [main] INFO  c.e.p.B2bSaasPlatformApplication - Starting B2bSaasPlatformApplication using Java 23.0.2 with PID 18456 (D:\enterprise-platform\backend\target\classes started by 91916 in D:\enterprise-platform\backend)
2026-04-14 16:16:50.798 [main] INFO  c.e.p.B2bSaasPlatformApplication - No active profile set, falling back to 1 default profile: "default"
2026-04-14 16:16:51.283 [main] INFO  o.s.d.r.c.RepositoryConfigurationDelegate - Bootstrapping Spring Data MongoDB repositories in DEFAULT mode.
2026-04-14 16:16:51.315 [main] INFO  o.s.d.r.c.RepositoryConfigurationDelegate - Finished Spring Data repository scanning in 27 ms. Found 1 MongoDB repository interface.
2026-04-14 16:16:51.935 [main] INFO  o.s.b.w.e.tomcat.TomcatWebServer - Tomcat initialized with port 8080 (http)
2026-04-14 16:16:51.947 [main] INFO  o.a.catalina.core.StandardService - Starting service [Tomcat]
2026-04-14 16:16:51.947 [main] INFO  o.a.catalina.core.StandardEngine - Starting Servlet engine: [Apache Tomcat/10.1.20]
2026-04-14 16:16:51.998 [main] INFO  o.a.c.c.C.[Tomcat].[localhost].[/] - Initializing Spring embedded WebApplicationContext
2026-04-14 16:16:51.998 [main] INFO  o.s.b.w.s.c.ServletWebServerApplicationContext - Root WebApplicationContext: initialization completed in 1158 ms
2026-04-14 16:16:52.575 [main] WARN  o.s.b.a.s.s.UserDetailsServiceAutoConfiguration - 

Using generated security password: ea551910-ef26-4d4c-bc62-a5f562bd0c2b

This generated password is for development use only. Your security configuration must be updated before running your application in production.

2026-04-14 16:16:52.808 [main] INFO  o.s.b.a.e.web.EndpointLinksResolver - Exposing 3 endpoint(s) beneath base path '/actuator'
2026-04-14 16:16:52.837 [main] INFO  o.s.s.web.DefaultSecurityFilterChain - Will secure any request with [org.springframework.security.web.session.DisableEncodeUrlFilter@3a988299, org.springframework.security.web.context.request.async.WebAsyncManagerIntegrationFilter@878feb2, org.springframework.security.web.context.SecurityContextHolderFilter@265287ec, org.springframework.security.web.header.HeaderWriterFilter@624d778e, org.springframework.web.filter.CorsFilter@1818390b, org.springframework.security.web.authentication.logout.LogoutFilter@308c65e0, org.springframework.security.web.savedrequest.RequestCacheAwareFilter@7210f559, org.springframework.security.web.servletapi.SecurityContextHolderAwareRequestFilter@49b9ba6a, org.springframework.security.web.authentication.AnonymousAuthenticationFilter@67a38, org.springframework.security.web.session.SessionManagementFilter@60e67c06, org.springframework.security.web.access.ExceptionTranslationFilter@2b62475a, org.springframework.security.web.access.intercept.AuthorizationFilter@73d83141]
2026-04-14 16:16:53.047 [main] INFO  o.s.b.w.e.tomcat.TomcatWebServer - Tomcat started on port 8080 (http) with context path ''
2026-04-14 16:16:53.057 [main] INFO  c.e.p.B2bSaasPlatformApplication - Started B2bSaasPlatformApplication in 2.622 seconds (process running for 2.909)
2026-04-14 16:18:43.033 [main] INFO  c.e.p.B2bSaasPlatformApplication - Starting B2bSaasPlatformApplication using Java 23.0.2 with PID 19708 (D:\enterprise-platform\backend\target\classes started by 91916 in D:\enterprise-platform\backend)
2026-04-14 16:18:43.035 [main] INFO  c.e.p.B2bSaasPlatformApplication - No active profile set, falling back to 1 default profile: "default"
2026-04-14 16:18:43.452 [main] INFO  o.s.d.r.c.RepositoryConfigurationDelegate - Bootstrapping Spring Data MongoDB repositories in DEFAULT mode.
2026-04-14 16:18:43.480 [main] INFO  o.s.d.r.c.RepositoryConfigurationDelegate - Finished Spring Data repository scanning in 24 ms. Found 1 MongoDB repository interface.
2026-04-14 16:18:44.037 [main] INFO  o.s.b.w.e.tomcat.TomcatWebServer - Tomcat initialized with port 8080 (http)
2026-04-14 16:18:44.050 [main] INFO  o.a.catalina.core.StandardService - Starting service [Tomcat]
2026-04-14 16:18:44.050 [main] INFO  o.a.catalina.core.StandardEngine - Starting Servlet engine: [Apache Tomcat/10.1.20]
2026-04-14 16:18:44.206 [main] INFO  o.a.c.c.C.[Tomcat].[localhost].[/] - Initializing Spring embedded WebApplicationContext
2026-04-14 16:18:44.206 [main] INFO  o.s.b.w.s.c.ServletWebServerApplicationContext - Root WebApplicationContext: initialization completed in 1134 ms
2026-04-14 16:18:45.530 [main] WARN  o.s.b.a.s.s.UserDetailsServiceAutoConfiguration - 

Using generated security password: 154fe0bf-99c4-470e-8828-ec02374dc746

This generated password is for development use only. Your security configuration must be updated before running your application in production.

2026-04-14 16:18:46.106 [main] INFO  o.s.b.a.e.web.EndpointLinksResolver - Exposing 3 endpoint(s) beneath base path '/actuator'
2026-04-14 16:18:46.151 [main] INFO  o.s.s.web.DefaultSecurityFilterChain - Will secure any request with [org.springframework.security.web.session.DisableEncodeUrlFilter@33356666, org.springframework.security.web.context.request.async.WebAsyncManagerIntegrationFilter@3a988299, org.springframework.security.web.context.SecurityContextHolderFilter@410f53b2, org.springframework.security.web.header.HeaderWriterFilter@4990b335, org.springframework.web.filter.CorsFilter@878feb2, org.springframework.security.web.authentication.logout.LogoutFilter@74f649a7, org.springframework.security.web.savedrequest.RequestCacheAwareFilter@7507d96c, org.springframework.security.web.servletapi.SecurityContextHolderAwareRequestFilter@7210f559, org.springframework.security.web.authentication.AnonymousAuthenticationFilter@1818390b, org.springframework.security.web.session.SessionManagementFilter@32caae19, org.springframework.security.web.access.ExceptionTranslationFilter@6487f7f8, org.springframework.security.web.access.intercept.AuthorizationFilter@18d22ecf]
2026-04-14 16:18:46.561 [main] INFO  o.s.b.w.e.tomcat.TomcatWebServer - Tomcat started on port 8080 (http) with context path ''
2026-04-14 16:18:46.571 [main] INFO  c.e.p.B2bSaasPlatformApplication - Started B2bSaasPlatformApplication in 3.869 seconds (process running for 4.153)
2026-04-14 16:23:54.183 [main] INFO  c.e.p.B2bSaasPlatformApplication - Starting B2bSaasPlatformApplication using Java 23.0.2 with PID 14032 (D:\enterprise-platform\backend\target\classes started by 91916 in D:\enterprise-platform\backend)
2026-04-14 16:23:54.188 [main] INFO  c.e.p.B2bSaasPlatformApplication - No active profile set, falling back to 1 default profile: "default"
2026-04-14 16:23:54.610 [main] INFO  o.s.d.r.c.RepositoryConfigurationDelegate - Bootstrapping Spring Data MongoDB repositories in DEFAULT mode.
2026-04-14 16:23:54.634 [main] INFO  o.s.d.r.c.RepositoryConfigurationDelegate - Finished Spring Data repository scanning in 22 ms. Found 1 MongoDB repository interface.
2026-04-14 16:23:55.152 [main] INFO  o.s.b.w.e.tomcat.TomcatWebServer - Tomcat initialized with port 8080 (http)
2026-04-14 16:23:55.161 [main] INFO  o.a.catalina.core.StandardService - Starting service [Tomcat]
2026-04-14 16:23:55.162 [main] INFO  o.a.catalina.core.StandardEngine - Starting Servlet engine: [Apache Tomcat/10.1.20]
2026-04-14 16:23:55.205 [main] INFO  o.a.c.c.C.[Tomcat].[localhost].[/] - Initializing Spring embedded WebApplicationContext
2026-04-14 16:23:55.205 [main] INFO  o.s.b.w.s.c.ServletWebServerApplicationContext - Root WebApplicationContext: initialization completed in 979 ms
2026-04-14 16:23:55.688 [main] WARN  o.s.b.a.s.s.UserDetailsServiceAutoConfiguration - 

Using generated security password: f9b2b100-845c-4afd-8223-5cbbbb14f2e4

This generated password is for development use only. Your security configuration must be updated before running your application in production.

2026-04-14 16:23:55.894 [main] INFO  o.s.b.a.e.web.EndpointLinksResolver - Exposing 3 endpoint(s) beneath base path '/actuator'
2026-04-14 16:23:55.918 [main] INFO  o.s.s.web.DefaultSecurityFilterChain - Will secure any request with [org.springframework.security.web.session.DisableEncodeUrlFilter@67a38, org.springframework.security.web.context.request.async.WebAsyncManagerIntegrationFilter@7ef4aceb, org.springframework.security.web.context.SecurityContextHolderFilter@49b9ba6a, org.springframework.security.web.header.HeaderWriterFilter@4c8abec7, org.springframework.web.filter.CorsFilter@31b650e9, org.springframework.security.web.authentication.logout.LogoutFilter@58b5f7d2, org.springframework.security.web.savedrequest.RequestCacheAwareFilter@30e143ff, org.springframework.security.web.servletapi.SecurityContextHolderAwareRequestFilter@452ec287, org.springframework.security.web.authentication.AnonymousAuthenticationFilter@683fe7b5, org.springframework.security.web.session.SessionManagementFilter@265287ec, org.springframework.security.web.access.ExceptionTranslationFilter@39ae6408, org.springframework.security.web.access.intercept.AuthorizationFilter@3a988299]
2026-04-14 16:23:56.098 [main] WARN  o.s.b.w.s.c.AnnotationConfigServletWebServerApplicationContext - Exception encountered during context initialization - cancelling refresh attempt: org.springframework.context.ApplicationContextException: Failed to start bean 'webServerStartStop'
2026-04-14 16:23:56.114 [main] INFO  o.s.b.a.l.ConditionEvaluationReportLogger - 

Error starting ApplicationContext. To display the condition evaluation report re-run your application with 'debug' enabled.
2026-04-14 16:23:56.129 [main] ERROR o.s.b.d.LoggingFailureAnalysisReporter - 

***************************
APPLICATION FAILED TO START
***************************

Description:

Web server failed to start. Port 8080 was already in use.

Action:

Identify and stop the process that's listening on port 8080 or configure this application to listen on another port.

2026-04-14 19:30:47.435 [main] INFO  c.e.p.B2bSaasPlatformApplication - Starting B2bSaasPlatformApplication using Java 23.0.2 with PID 10816 (D:\enterprise-platform\backend\target\classes started by 91916 in D:\enterprise-platform\backend)
2026-04-14 19:30:48.207 [main] INFO  c.e.p.B2bSaasPlatformApplication - No active profile set, falling back to 1 default profile: "default"
2026-04-14 19:30:48.638 [main] INFO  o.s.d.r.c.RepositoryConfigurationDelegate - Bootstrapping Spring Data MongoDB repositories in DEFAULT mode.
2026-04-14 19:30:48.663 [main] INFO  o.s.d.r.c.RepositoryConfigurationDelegate - Finished Spring Data repository scanning in 22 ms. Found 1 MongoDB repository interface.
2026-04-14 19:30:49.241 [main] INFO  o.s.b.w.e.tomcat.TomcatWebServer - Tomcat initialized with port 8081 (http)
2026-04-14 19:30:49.252 [main] INFO  o.a.catalina.core.StandardService - Starting service [Tomcat]
2026-04-14 19:30:49.253 [main] INFO  o.a.catalina.core.StandardEngine - Starting Servlet engine: [Apache Tomcat/10.1.20]
2026-04-14 19:30:49.305 [main] INFO  o.a.c.c.C.[Tomcat].[localhost].[/] - Initializing Spring embedded WebApplicationContext
2026-04-14 19:30:49.306 [main] INFO  o.s.b.w.s.c.ServletWebServerApplicationContext - Root WebApplicationContext: initialization completed in 1062 ms
2026-04-14 19:30:49.422 [main] INFO  c.e.platform.config.MongoConfig - ╔════════════════════════════════════════════════════════════╗
2026-04-14 19:30:49.422 [main] INFO  c.e.platform.config.MongoConfig - ║          MongoDB Configuration Check                        ║
2026-04-14 19:30:49.422 [main] INFO  c.e.platform.config.MongoConfig - ╠════════════════════════════════════════════════════════════╣
2026-04-14 19:30:49.423 [main] INFO  c.e.platform.config.MongoConfig - ║  ✅ SPRING_DATA_MONGODB_URI: mongodb+srv://ABDEEPESH:****@cluster0.zouwsq7.mongodb.net/enterprise_b2b_platform?retryWrites=true&w=majority              ║
2026-04-14 19:30:49.424 [main] INFO  c.e.platform.config.MongoConfig - ║  ✅ Database: enterprise_b2b_platform                                                ║
2026-04-14 19:30:49.424 [main] INFO  c.e.platform.config.MongoConfig - ╚════════════════════════════════════════════════════════════╝
2026-04-14 19:30:49.426 [main] INFO  c.e.platform.config.MongoConfig - Creating MongoDB client...
2026-04-14 19:30:50.094 [main] INFO  c.e.p.config.MongoConnectionLogger - ╔════════════════════════════════════════════════════════════╗
2026-04-14 19:30:50.094 [main] INFO  c.e.p.config.MongoConnectionLogger - ║          ✅ MONGODB CONNECTION SUCCESSFUL                   ║
2026-04-14 19:30:50.094 [main] INFO  c.e.p.config.MongoConnectionLogger - ╠════════════════════════════════════════════════════════════╣
2026-04-14 19:30:50.095 [main] INFO  c.e.p.config.MongoConnectionLogger - ║  Database: enterprise_b2b_platform                    ║
2026-04-14 19:30:50.095 [main] INFO  c.e.p.config.MongoConnectionLogger - ║  Status:  Connected & Operational                    ║
2026-04-14 19:30:50.095 [main] INFO  c.e.p.config.MongoConnectionLogger - ╚════════════════════════════════════════════════════════════╝
2026-04-14 19:30:50.168 [main] DEBUG o.s.data.mongodb.core.MongoTemplate - Created collection [leads]
2026-04-14 19:30:50.168 [main] INFO  c.e.p.config.MongoConnectionLogger - 📁 Created 'leads' collection in database 'enterprise_b2b_platform'
2026-04-14 19:30:50.369 [main] WARN  o.s.b.a.s.s.UserDetailsServiceAutoConfiguration - 

Using generated security password: 109630dd-d473-4c2f-af42-e76c075db03f

This generated password is for development use only. Your security configuration must be updated before running your application in production.

2026-04-14 19:30:50.581 [main] INFO  o.s.b.a.e.web.EndpointLinksResolver - Exposing 3 endpoint(s) beneath base path '/actuator'
2026-04-14 19:30:50.606 [main] INFO  o.s.s.web.DefaultSecurityFilterChain - Will secure any request with [org.springframework.security.web.session.DisableEncodeUrlFilter@5ca4c88a, org.springframework.security.web.context.request.async.WebAsyncManagerIntegrationFilter@1791e231, org.springframework.security.web.context.SecurityContextHolderFilter@4d75c604, org.springframework.security.web.header.HeaderWriterFilter@38b54694, org.springframework.web.filter.CorsFilter@55397d15, org.springframework.security.web.authentication.logout.LogoutFilter@fb2c2f3, org.springframework.security.web.savedrequest.RequestCacheAwareFilter@33f2eb04, org.springframework.security.web.servletapi.SecurityContextHolderAwareRequestFilter@4df13dd0, org.springframework.security.web.authentication.AnonymousAuthenticationFilter@5e360c3b, org.springframework.security.web.session.SessionManagementFilter@55e5415d, org.springframework.security.web.access.ExceptionTranslationFilter@2d3c501b, org.springframework.security.web.access.intercept.AuthorizationFilter@6585df70]
2026-04-14 19:30:50.803 [main] WARN  o.s.b.w.s.c.AnnotationConfigServletWebServerApplicationContext - Exception encountered during context initialization - cancelling refresh attempt: org.springframework.context.ApplicationContextException: Failed to start bean 'webServerStartStop'
2026-04-14 19:30:50.892 [main] INFO  o.s.b.a.l.ConditionEvaluationReportLogger - 

Error starting ApplicationContext. To display the condition evaluation report re-run your application with 'debug' enabled.
2026-04-14 19:30:50.906 [main] ERROR o.s.b.d.LoggingFailureAnalysisReporter - 

***************************
APPLICATION FAILED TO START
***************************

Description:

Web server failed to start. Port 8081 was already in use.

Action:

Identify and stop the process that's listening on port 8081 or configure this application to listen on another port.

2026-04-14 19:31:07.682 [main] INFO  c.e.p.B2bSaasPlatformApplication - Starting B2bSaasPlatformApplication using Java 23.0.2 with PID 21644 (D:\enterprise-platform\backend\target\classes started by 91916 in D:\enterprise-platform\backend)
2026-04-14 19:31:07.684 [main] INFO  c.e.p.B2bSaasPlatformApplication - No active profile set, falling back to 1 default profile: "default"
2026-04-14 19:31:08.151 [main] INFO  o.s.d.r.c.RepositoryConfigurationDelegate - Bootstrapping Spring Data MongoDB repositories in DEFAULT mode.
2026-04-14 19:31:08.178 [main] INFO  o.s.d.r.c.RepositoryConfigurationDelegate - Finished Spring Data repository scanning in 23 ms. Found 1 MongoDB repository interface.
2026-04-14 19:31:08.718 [main] INFO  o.s.b.w.e.tomcat.TomcatWebServer - Tomcat initialized with port 8081 (http)
2026-04-14 19:31:08.730 [main] INFO  o.a.catalina.core.StandardService - Starting service [Tomcat]
2026-04-14 19:31:08.730 [main] INFO  o.a.catalina.core.StandardEngine - Starting Servlet engine: [Apache Tomcat/10.1.20]
2026-04-14 19:31:08.792 [main] INFO  o.a.c.c.C.[Tomcat].[localhost].[/] - Initializing Spring embedded WebApplicationContext
2026-04-14 19:31:08.793 [main] INFO  o.s.b.w.s.c.ServletWebServerApplicationContext - Root WebApplicationContext: initialization completed in 1067 ms
2026-04-14 19:31:08.908 [main] INFO  c.e.platform.config.MongoConfig - ╔════════════════════════════════════════════════════════════╗
2026-04-14 19:31:08.908 [main] INFO  c.e.platform.config.MongoConfig - ║          MongoDB Configuration Check                        ║
2026-04-14 19:31:08.908 [main] INFO  c.e.platform.config.MongoConfig - ╠════════════════════════════════════════════════════════════╣
2026-04-14 19:31:08.908 [main] INFO  c.e.platform.config.MongoConfig - ║  ✅ SPRING_DATA_MONGODB_URI: mongodb+srv://ABDEEPESH:****@cluster0.zouwsq7.mongodb.net/enterprise_b2b_platform?retryWrites=true&w=majority              ║
2026-04-14 19:31:08.909 [main] INFO  c.e.platform.config.MongoConfig - ║  ✅ Database: enterprise_b2b_platform                                                ║
2026-04-14 19:31:08.909 [main] INFO  c.e.platform.config.MongoConfig - ╚════════════════════════════════════════════════════════════╝
2026-04-14 19:31:08.913 [main] INFO  c.e.platform.config.MongoConfig - Creating MongoDB client...
2026-04-14 19:31:09.616 [main] INFO  c.e.p.config.MongoConnectionLogger - ╔════════════════════════════════════════════════════════════╗
2026-04-14 19:31:09.616 [main] INFO  c.e.p.config.MongoConnectionLogger - ║          ✅ MONGODB CONNECTION SUCCESSFUL                   ║
2026-04-14 19:31:09.616 [main] INFO  c.e.p.config.MongoConnectionLogger - ╠════════════════════════════════════════════════════════════╣
2026-04-14 19:31:09.616 [main] INFO  c.e.p.config.MongoConnectionLogger - ║  Database: enterprise_b2b_platform                    ║
2026-04-14 19:31:09.617 [main] INFO  c.e.p.config.MongoConnectionLogger - ║  Status:  Connected & Operational                    ║
2026-04-14 19:31:09.617 [main] INFO  c.e.p.config.MongoConnectionLogger - ╚════════════════════════════════════════════════════════════╝
2026-04-14 19:31:09.852 [main] WARN  o.s.b.a.s.s.UserDetailsServiceAutoConfiguration - 

Using generated security password: f5b9dbe0-cf5d-40d5-81d0-499f2f9d9385

This generated password is for development use only. Your security configuration must be updated before running your application in production.

2026-04-14 19:31:10.055 [main] INFO  o.s.b.a.e.web.EndpointLinksResolver - Exposing 3 endpoint(s) beneath base path '/actuator'
2026-04-14 19:31:10.082 [main] INFO  o.s.s.web.DefaultSecurityFilterChain - Will secure any request with [org.springframework.security.web.session.DisableEncodeUrlFilter@5a8b42a3, org.springframework.security.web.context.request.async.WebAsyncManagerIntegrationFilter@11582db6, org.springframework.security.web.context.SecurityContextHolderFilter@72e49f6a, org.springframework.security.web.header.HeaderWriterFilter@19e2db7c, org.springframework.web.filter.CorsFilter@44106e25, org.springframework.security.web.authentication.logout.LogoutFilter@b8142f4, org.springframework.security.web.savedrequest.RequestCacheAwareFilter@312819ae, org.springframework.security.web.servletapi.SecurityContextHolderAwareRequestFilter@4ae2c01b, org.springframework.security.web.authentication.AnonymousAuthenticationFilter@57a5b03, org.springframework.security.web.session.SessionManagementFilter@2f0e7fa8, org.springframework.security.web.access.ExceptionTranslationFilter@2cff03cf, org.springframework.security.web.access.intercept.AuthorizationFilter@2792c28]
2026-04-14 19:31:10.278 [main] INFO  o.s.b.w.e.tomcat.TomcatWebServer - Tomcat started on port 8081 (http) with context path ''
2026-04-14 19:31:10.286 [main] INFO  c.e.p.B2bSaasPlatformApplication - Started B2bSaasPlatformApplication in 2.931 seconds (process running for 3.184)
2026-04-14 19:35:25.401 [main] INFO  c.e.p.B2bSaasPlatformApplication - Starting B2bSaasPlatformApplication using Java 23.0.2 with PID 21592 (D:\enterprise-platform\backend\target\classes started by 91916 in D:\enterprise-platform\backend)
2026-04-14 19:35:25.402 [main] INFO  c.e.p.B2bSaasPlatformApplication - No active profile set, falling back to 1 default profile: "default"
2026-04-14 19:35:25.861 [main] INFO  o.s.d.r.c.RepositoryConfigurationDelegate - Bootstrapping Spring Data MongoDB repositories in DEFAULT mode.
2026-04-14 19:35:25.887 [main] INFO  o.s.d.r.c.RepositoryConfigurationDelegate - Finished Spring Data repository scanning in 23 ms. Found 1 MongoDB repository interface.
2026-04-14 19:35:26.456 [main] INFO  o.s.b.w.e.tomcat.TomcatWebServer - Tomcat initialized with port 8081 (http)
2026-04-14 19:35:26.468 [main] INFO  o.a.catalina.core.StandardService - Starting service [Tomcat]
2026-04-14 19:35:26.468 [main] INFO  o.a.catalina.core.StandardEngine - Starting Servlet engine: [Apache Tomcat/10.1.20]
2026-04-14 19:35:26.520 [main] INFO  o.a.c.c.C.[Tomcat].[localhost].[/] - Initializing Spring embedded WebApplicationContext
2026-04-14 19:35:26.521 [main] INFO  o.s.b.w.s.c.ServletWebServerApplicationContext - Root WebApplicationContext: initialization completed in 1076 ms
2026-04-14 19:35:26.634 [main] INFO  c.e.platform.config.MongoConfig - ╔════════════════════════════════════════════════════════════╗
2026-04-14 19:35:26.635 [main] INFO  c.e.platform.config.MongoConfig - ║          MongoDB Configuration Check                        ║
2026-04-14 19:35:26.635 [main] INFO  c.e.platform.config.MongoConfig - ╠════════════════════════════════════════════════════════════╣
2026-04-14 19:35:26.635 [main] INFO  c.e.platform.config.MongoConfig - ║  ✅ SPRING_DATA_MONGODB_URI: mongodb+srv://ABDEEPESH:****@cluster0.zouwsq7.mongodb.net/enterprise_b2b_platform?retryWrites=true&w=majority              ║
2026-04-14 19:35:26.636 [main] INFO  c.e.platform.config.MongoConfig - ║  ✅ Database: enterprise_b2b_platform                                                ║
2026-04-14 19:35:26.636 [main] INFO  c.e.platform.config.MongoConfig - ╚════════════════════════════════════════════════════════════╝
2026-04-14 19:35:26.639 [main] INFO  c.e.platform.config.MongoConfig - Creating MongoDB client...
2026-04-14 19:35:27.216 [main] INFO  c.e.p.config.MongoConnectionLogger - ╔════════════════════════════════════════════════════════════╗
2026-04-14 19:35:27.217 [main] INFO  c.e.p.config.MongoConnectionLogger - ║          ✅ MONGODB CONNECTION SUCCESSFUL                   ║
2026-04-14 19:35:27.218 [main] INFO  c.e.p.config.MongoConnectionLogger - ╠════════════════════════════════════════════════════════════╣
2026-04-14 19:35:27.218 [main] INFO  c.e.p.config.MongoConnectionLogger - ║  Database: enterprise_b2b_platform                    ║
2026-04-14 19:35:27.218 [main] INFO  c.e.p.config.MongoConnectionLogger - ║  Status:  Connected & Operational                    ║
2026-04-14 19:35:27.218 [main] INFO  c.e.p.config.MongoConnectionLogger - ╚════════════════════════════════════════════════════════════╝
2026-04-14 19:35:27.448 [main] WARN  o.s.b.a.s.s.UserDetailsServiceAutoConfiguration - 

Using generated security password: 963a5f58-385d-4e51-8609-81d8cf12d443

This generated password is for development use only. Your security configuration must be updated before running your application in production.

2026-04-14 19:35:27.654 [main] INFO  o.s.b.a.e.web.EndpointLinksResolver - Exposing 3 endpoint(s) beneath base path '/actuator'
2026-04-14 19:35:27.680 [main] INFO  o.s.s.web.DefaultSecurityFilterChain - Will secure any request with [org.springframework.security.web.session.DisableEncodeUrlFilter@59c862af, org.springframework.security.web.context.request.async.WebAsyncManagerIntegrationFilter@4bb9f7d4, org.springframework.security.web.context.SecurityContextHolderFilter@3595086b, org.springframework.security.web.header.HeaderWriterFilter@5d7ff311, org.springframework.web.filter.CorsFilter@673a9db4, org.springframework.security.web.authentication.logout.LogoutFilter@63880be9, org.springframework.security.web.savedrequest.RequestCacheAwareFilter@7157413e, org.springframework.security.web.servletapi.SecurityContextHolderAwareRequestFilter@3245efdb, org.springframework.security.web.authentication.AnonymousAuthenticationFilter@183ef89a, org.springframework.security.web.session.SessionManagementFilter@279e1422, org.springframework.security.web.access.ExceptionTranslationFilter@e171f93, org.springframework.security.web.access.intercept.AuthorizationFilter@424a152f]
2026-04-14 19:35:27.874 [main] INFO  o.s.b.w.e.tomcat.TomcatWebServer - Tomcat started on port 8081 (http) with context path ''
2026-04-14 19:35:27.884 [main] INFO  c.e.p.B2bSaasPlatformApplication - Started B2bSaasPlatformApplication in 2.819 seconds (process running for 3.084)
2026-04-14 19:36:01.852 [http-nio-8081-exec-1] INFO  o.a.c.c.C.[Tomcat].[localhost].[/] - Initializing Spring DispatcherServlet 'dispatcherServlet'
2026-04-14 19:36:01.852 [http-nio-8081-exec-1] INFO  o.s.web.servlet.DispatcherServlet - Initializing Servlet 'dispatcherServlet'
2026-04-14 19:36:01.853 [http-nio-8081-exec-1] INFO  o.s.web.servlet.DispatcherServlet - Completed initialization in 1 ms
2026-04-14 19:36:01.889 [http-nio-8081-exec-2] DEBUG o.s.security.web.FilterChainProxy - Securing POST /api/v1/leads?_timestamp=1776175561761
2026-04-14 19:36:01.908 [http-nio-8081-exec-2] DEBUG o.s.s.w.a.AnonymousAuthenticationFilter - Set SecurityContextHolder to anonymous SecurityContext
2026-04-14 19:36:01.916 [http-nio-8081-exec-2] DEBUG o.s.security.web.FilterChainProxy - Secured POST /api/v1/leads?_timestamp=1776175561761
2026-04-14 19:36:02.070 [http-nio-8081-exec-2] INFO  c.e.p.controller.LeadController - ✅ RECEIVED POST REQUEST /api/v1/leads - Email: abdeepubhu@gmail.com
2026-04-14 19:36:02.093 [http-nio-8081-exec-2] DEBUG o.s.d.m.r.query.MongoQueryCreator - Created query Query: { "email" : "abdeepubhu@gmail.com"}, Fields: {}, Sort: {}
2026-04-14 19:36:02.105 [http-nio-8081-exec-2] DEBUG o.s.data.mongodb.core.MongoTemplate - find using query: { "email" : "abdeepubhu@gmail.com"} fields: Document{{}} sort: { "email" : "abdeepubhu@gmail.com"} for class: class com.enterprise.platform.domain.Lead in collection: leads
2026-04-14 19:36:02.190 [http-nio-8081-exec-2] DEBUG o.s.data.mongodb.core.MongoTemplate - Saving Document containing fields: [_id, first_name, last_name, email, company_name, message, source, status, priority, created_at, updated_at, _class]
2026-04-14 19:36:02.269 [http-nio-8081-exec-2] INFO  c.e.p.controller.LeadController - ✅ Lead created successfully - ID: 2914e6d8-12fb-45f2-bfa9-28b1cb6f87b1, Email: abdeepubhu@gmail.com
2026-04-14 19:37:21.161 [http-nio-8081-exec-5] DEBUG o.s.security.web.FilterChainProxy - Securing POST /api/v1/leads?_timestamp=1776175641147
2026-04-14 19:37:21.163 [http-nio-8081-exec-5] DEBUG o.s.s.w.a.AnonymousAuthenticationFilter - Set SecurityContextHolder to anonymous SecurityContext
2026-04-14 19:37:21.164 [http-nio-8081-exec-5] DEBUG o.s.security.web.FilterChainProxy - Secured POST /api/v1/leads?_timestamp=1776175641147
2026-04-14 19:37:21.167 [http-nio-8081-exec-5] INFO  c.e.p.controller.LeadController - ✅ RECEIVED POST REQUEST /api/v1/leads - Email: abdeepubhu@gmail.com
2026-04-14 19:37:21.169 [http-nio-8081-exec-5] DEBUG o.s.d.m.r.query.MongoQueryCreator - Created query Query: { "email" : "abdeepubhu@gmail.com"}, Fields: {}, Sort: {}
2026-04-14 19:37:21.169 [http-nio-8081-exec-5] DEBUG o.s.data.mongodb.core.MongoTemplate - find using query: { "email" : "abdeepubhu@gmail.com"} fields: Document{{}} sort: { "email" : "abdeepubhu@gmail.com"} for class: class com.enterprise.platform.domain.Lead in collection: leads
2026-04-14 19:37:21.203 [http-nio-8081-exec-5] ERROR c.e.p.controller.LeadController - ❌ Unexpected error while creating lead: Lead with email abdeepubhu@gmail.com already exists
2026-04-14 19:38:50.158 [http-nio-8081-exec-4] DEBUG o.s.security.web.FilterChainProxy - Securing POST /api/v1/leads?_timestamp=1776175730148
2026-04-14 19:38:50.160 [http-nio-8081-exec-4] DEBUG o.s.s.w.a.AnonymousAuthenticationFilter - Set SecurityContextHolder to anonymous SecurityContext
2026-04-14 19:38:50.161 [http-nio-8081-exec-4] DEBUG o.s.security.web.FilterChainProxy - Secured POST /api/v1/leads?_timestamp=1776175730148
2026-04-14 19:38:50.163 [http-nio-8081-exec-4] INFO  c.e.p.controller.LeadController - ✅ RECEIVED POST REQUEST /api/v1/leads - Email: abdeepubhu@gmail.com
2026-04-14 19:38:50.164 [http-nio-8081-exec-4] DEBUG o.s.d.m.r.query.MongoQueryCreator - Created query Query: { "email" : "abdeepubhu@gmail.com"}, Fields: {}, Sort: {}
2026-04-14 19:38:50.164 [http-nio-8081-exec-4] DEBUG o.s.data.mongodb.core.MongoTemplate - find using query: { "email" : "abdeepubhu@gmail.com"} fields: Document{{}} sort: { "email" : "abdeepubhu@gmail.com"} for class: class com.enterprise.platform.domain.Lead in collection: leads
2026-04-14 19:38:50.185 [http-nio-8081-exec-4] ERROR c.e.p.controller.LeadController - ❌ Unexpected error while creating lead: Lead with email abdeepubhu@gmail.com already exists
2026-04-14 19:38:52.803 [http-nio-8081-exec-9] DEBUG o.s.security.web.FilterChainProxy - Securing POST /api/v1/leads?_timestamp=1776175732785
2026-04-14 19:38:52.803 [http-nio-8081-exec-9] DEBUG o.s.s.w.a.AnonymousAuthenticationFilter - Set SecurityContextHolder to anonymous SecurityContext
2026-04-14 19:38:52.805 [http-nio-8081-exec-9] DEBUG o.s.security.web.FilterChainProxy - Secured POST /api/v1/leads?_timestamp=1776175732785
2026-04-14 19:38:52.808 [http-nio-8081-exec-9] INFO  c.e.p.controller.LeadController - ✅ RECEIVED POST REQUEST /api/v1/leads - Email: abdeepubhu@gmail.com
2026-04-14 19:38:52.808 [http-nio-8081-exec-9] DEBUG o.s.d.m.r.query.MongoQueryCreator - Created query Query: { "email" : "abdeepubhu@gmail.com"}, Fields: {}, Sort: {}
2026-04-14 19:38:52.808 [http-nio-8081-exec-9] DEBUG o.s.data.mongodb.core.MongoTemplate - find using query: { "email" : "abdeepubhu@gmail.com"} fields: Document{{}} sort: { "email" : "abdeepubhu@gmail.com"} for class: class com.enterprise.platform.domain.Lead in collection: leads
2026-04-14 19:38:52.828 [http-nio-8081-exec-9] ERROR c.e.p.controller.LeadController - ❌ Unexpected error while creating lead: Lead with email abdeepubhu@gmail.com already exists
2026-04-14 19:40:08.495 [http-nio-8081-exec-1] DEBUG o.s.security.web.FilterChainProxy - Securing POST /api/v1/leads?_timestamp=1776175808477
2026-04-14 19:40:08.497 [http-nio-8081-exec-1] DEBUG o.s.s.w.a.AnonymousAuthenticationFilter - Set SecurityContextHolder to anonymous SecurityContext
2026-04-14 19:40:08.498 [http-nio-8081-exec-1] DEBUG o.s.security.web.FilterChainProxy - Secured POST /api/v1/leads?_timestamp=1776175808477
2026-04-14 19:40:08.501 [http-nio-8081-exec-1] INFO  c.e.p.controller.LeadController - ✅ RECEIVED POST REQUEST /api/v1/leads - Email: jhonwick@gmail.com
2026-04-14 19:40:08.501 [http-nio-8081-exec-1] DEBUG o.s.d.m.r.query.MongoQueryCreator - Created query Query: { "email" : "jhonwick@gmail.com"}, Fields: {}, Sort: {}
2026-04-14 19:40:08.502 [http-nio-8081-exec-1] DEBUG o.s.data.mongodb.core.MongoTemplate - find using query: { "email" : "jhonwick@gmail.com"} fields: Document{{}} sort: { "email" : "jhonwick@gmail.com"} for class: class com.enterprise.platform.domain.Lead in collection: leads
2026-04-14 19:40:08.523 [http-nio-8081-exec-1] DEBUG o.s.data.mongodb.core.MongoTemplate - Saving Document containing fields: [_id, first_name, last_name, email, company_name, message, source, status, priority, created_at, updated_at, _class]
2026-04-14 19:40:08.555 [http-nio-8081-exec-1] INFO  c.e.p.controller.LeadController - ✅ Lead created successfully - ID: 42981a2e-fcb3-4c31-a7fd-4e7ea967ac58, Email: jhonwick@gmail.com
