2026-04-28 14:13:21.380 [main] INFO  c.e.p.B2bSaasPlatformApplication - Starting B2bSaasPlatformApplication using Java 23.0.2 with PID 8492 (D:\enterprise-platform\backend\target\classes started by 91916 in D:\enterprise-platform)
2026-04-28 14:13:21.600 [main] INFO  c.e.p.B2bSaasPlatformApplication - No active profile set, falling back to 1 default profile: "default"
2026-04-28 14:13:24.016 [main] INFO  o.s.d.r.c.RepositoryConfigurationDelegate - Bootstrapping Spring Data MongoDB repositories in DEFAULT mode.
2026-04-28 14:13:24.077 [main] INFO  o.s.d.r.c.RepositoryConfigurationDelegate - Finished Spring Data repository scanning in 54 ms. Found 1 MongoDB repository interface.
2026-04-28 14:13:25.791 [main] INFO  o.s.b.w.e.tomcat.TomcatWebServer - Tomcat initialized with port 8081 (http)
2026-04-28 14:13:25.818 [main] INFO  o.a.catalina.core.StandardService - Starting service [Tomcat]
2026-04-28 14:13:25.819 [main] INFO  o.a.catalina.core.StandardEngine - Starting Servlet engine: [Apache Tomcat/10.1.20]
2026-04-28 14:13:25.944 [main] INFO  o.a.c.c.C.[Tomcat].[localhost].[/] - Initializing Spring embedded WebApplicationContext
2026-04-28 14:13:25.945 [main] INFO  o.s.b.w.s.c.ServletWebServerApplicationContext - Root WebApplicationContext: initialization completed in 4224 ms
2026-04-28 14:13:26.311 [main] INFO  c.e.platform.config.MongoConfig - ╔════════════════════════════════════════════════════════════╗
2026-04-28 14:13:26.314 [main] INFO  c.e.platform.config.MongoConfig - ║          MongoDB Configuration Check                        ║
2026-04-28 14:13:26.314 [main] INFO  c.e.platform.config.MongoConfig - ╠════════════════════════════════════════════════════════════╣
2026-04-28 14:13:26.314 [main] INFO  c.e.platform.config.MongoConfig - ║  ✅ SPRING_DATA_MONGODB_URI: mongodb://localhost:27017/enterprise_b2b_platform              ║
2026-04-28 14:13:26.320 [main] INFO  c.e.platform.config.MongoConfig - ║  ✅ Database: enterprise_b2b_platform                                                ║
2026-04-28 14:13:26.321 [main] INFO  c.e.platform.config.MongoConfig - ╚════════════════════════════════════════════════════════════╝
2026-04-28 14:13:26.328 [main] INFO  c.e.platform.config.MongoConfig - Creating MongoDB client...
2026-04-28 14:13:57.208 [main] ERROR c.e.p.config.MongoConnectionLogger - ╔════════════════════════════════════════════════════════════╗
2026-04-28 14:13:57.209 [main] ERROR c.e.p.config.MongoConnectionLogger - ║          ❌ MONGODB CONNECTION FAILED                       ║
2026-04-28 14:13:57.209 [main] ERROR c.e.p.config.MongoConnectionLogger - ╠════════════════════════════════════════════════════════════╣
2026-04-28 14:13:57.210 [main] ERROR c.e.p.config.MongoConnectionLogger - ║  Error: Timed out after 30000 ms while waiting for a ║
2026-04-28 14:13:57.211 [main] ERROR c.e.p.config.MongoConnectionLogger - ╚════════════════════════════════════════════════════════════╝
2026-04-28 14:13:57.211 [main] ERROR c.e.p.config.MongoConnectionLogger - Please check your SPRING_DATA_MONGODB_URI environment variable
2026-04-28 14:13:57.935 [main] WARN  o.s.b.a.s.s.UserDetailsServiceAutoConfiguration - 

Using generated security password: 749a7e21-c121-4a45-9a05-1ee461eabdc9

This generated password is for development use only. Your security configuration must be updated before running your application in production.

2026-04-28 14:13:58.589 [main] INFO  o.s.b.a.e.web.EndpointLinksResolver - Exposing 3 endpoint(s) beneath base path '/actuator'
2026-04-28 14:13:58.675 [main] INFO  o.s.s.web.DefaultSecurityFilterChain - Will secure any request with [org.springframework.security.web.session.DisableEncodeUrlFilter@3bf26810, org.springframework.security.web.context.request.async.WebAsyncManagerIntegrationFilter@19213a74, org.springframework.security.web.context.SecurityContextHolderFilter@b68932b, org.springframework.security.web.header.HeaderWriterFilter@21ffc00e, org.springframework.web.filter.CorsFilter@30a791a6, org.springframework.security.web.authentication.logout.LogoutFilter@6f976c, org.springframework.security.web.savedrequest.RequestCacheAwareFilter@7adff6cb, org.springframework.security.web.servletapi.SecurityContextHolderAwareRequestFilter@13ebccd, org.springframework.security.web.authentication.AnonymousAuthenticationFilter@719bb60d, org.springframework.security.web.session.SessionManagementFilter@195cbf5e, org.springframework.security.web.access.ExceptionTranslationFilter@443253a6, org.springframework.security.web.access.intercept.AuthorizationFilter@5454be]
2026-04-28 14:13:59.355 [main] INFO  o.s.b.w.e.tomcat.TomcatWebServer - Tomcat started on port 8081 (http) with context path ''
2026-04-28 14:13:59.377 [main] INFO  c.e.p.B2bSaasPlatformApplication - Started B2bSaasPlatformApplication in 39.23 seconds (process running for 40.243)
2026-04-28 14:29:02.837 [http-nio-8081-exec-1] INFO  o.a.c.c.C.[Tomcat].[localhost].[/] - Initializing Spring DispatcherServlet 'dispatcherServlet'
2026-04-28 14:29:02.839 [http-nio-8081-exec-1] INFO  o.s.web.servlet.DispatcherServlet - Initializing Servlet 'dispatcherServlet'
2026-04-28 14:29:02.843 [http-nio-8081-exec-1] INFO  o.s.web.servlet.DispatcherServlet - Completed initialization in 3 ms
2026-04-28 14:29:02.942 [http-nio-8081-exec-3] DEBUG o.s.security.web.FilterChainProxy - Securing POST /api/v1/leads?_timestamp=1777366742584
2026-04-28 14:29:03.012 [http-nio-8081-exec-3] DEBUG o.s.s.w.a.AnonymousAuthenticationFilter - Set SecurityContextHolder to anonymous SecurityContext
2026-04-28 14:29:03.055 [http-nio-8081-exec-3] DEBUG o.s.security.web.FilterChainProxy - Secured POST /api/v1/leads?_timestamp=1777366742584
2026-04-28 14:29:03.619 [http-nio-8081-exec-3] INFO  c.e.p.controller.LeadController - ✅ RECEIVED POST REQUEST /api/v1/leads - Email: ashutoshkumar1764@gmail.com
2026-04-28 14:29:03.675 [http-nio-8081-exec-3] DEBUG o.s.d.m.r.query.MongoQueryCreator - Created query Query: { "email" : "ashutoshkumar1764@gmail.com"}, Fields: {}, Sort: {}
2026-04-28 14:29:03.718 [http-nio-8081-exec-3] DEBUG o.s.data.mongodb.core.MongoTemplate - find using query: { "email" : "ashutoshkumar1764@gmail.com"} fields: Document{{}} sort: { "email" : "ashutoshkumar1764@gmail.com"} for class: class com.enterprise.platform.domain.Lead in collection: leads
2026-04-28 14:29:33.807 [http-nio-8081-exec-3] ERROR c.e.p.controller.LeadController - ❌ Database error while creating lead: Timed out after 30000 ms while waiting for a server that matches ReadPreferenceServerSelector{readPreference=primary}. Client view of cluster state is {type=UNKNOWN, servers=[{address=localhost:27017, type=UNKNOWN, state=CONNECTING, exception={com.mongodb.MongoSocketOpenException: Exception opening socket}, caused by {java.net.ConnectException: Connection refused: getsockopt}}]
2026-04-28 14:29:43.659 [http-nio-8081-exec-4] DEBUG o.s.security.web.FilterChainProxy - Securing POST /api/v1/leads?_timestamp=1777366783620
2026-04-28 14:29:43.662 [http-nio-8081-exec-4] DEBUG o.s.s.w.a.AnonymousAuthenticationFilter - Set SecurityContextHolder to anonymous SecurityContext
2026-04-28 14:29:43.664 [http-nio-8081-exec-4] DEBUG o.s.security.web.FilterChainProxy - Secured POST /api/v1/leads?_timestamp=1777366783620
2026-04-28 14:29:43.669 [http-nio-8081-exec-4] INFO  c.e.p.controller.LeadController - ✅ RECEIVED POST REQUEST /api/v1/leads - Email: ashutoshkumar1764@gmail.com
2026-04-28 14:29:43.671 [http-nio-8081-exec-4] DEBUG o.s.d.m.r.query.MongoQueryCreator - Created query Query: { "email" : "ashutoshkumar1764@gmail.com"}, Fields: {}, Sort: {}
2026-04-28 14:29:43.673 [http-nio-8081-exec-4] DEBUG o.s.data.mongodb.core.MongoTemplate - find using query: { "email" : "ashutoshkumar1764@gmail.com"} fields: Document{{}} sort: { "email" : "ashutoshkumar1764@gmail.com"} for class: class com.enterprise.platform.domain.Lead in collection: leads
2026-04-28 14:30:13.687 [http-nio-8081-exec-4] ERROR c.e.p.controller.LeadController - ❌ Database error while creating lead: Timed out after 30000 ms while waiting for a server that matches ReadPreferenceServerSelector{readPreference=primary}. Client view of cluster state is {type=UNKNOWN, servers=[{address=localhost:27017, type=UNKNOWN, state=CONNECTING, exception={com.mongodb.MongoSocketOpenException: Exception opening socket}, caused by {java.net.ConnectException: Connection refused: getsockopt}}]
2026-04-28 14:30:43.367 [http-nio-8081-exec-6] DEBUG o.s.security.web.FilterChainProxy - Securing POST /api/v1/leads?_timestamp=1777366843341
2026-04-28 14:30:43.371 [http-nio-8081-exec-6] DEBUG o.s.s.w.a.AnonymousAuthenticationFilter - Set SecurityContextHolder to anonymous SecurityContext
2026-04-28 14:30:43.373 [http-nio-8081-exec-6] DEBUG o.s.security.web.FilterChainProxy - Secured POST /api/v1/leads?_timestamp=1777366843341
2026-04-28 14:30:43.380 [http-nio-8081-exec-6] INFO  c.e.p.controller.LeadController - ✅ RECEIVED POST REQUEST /api/v1/leads - Email: ashutoshkumar1764@gmail.com
2026-04-28 14:30:43.383 [http-nio-8081-exec-6] DEBUG o.s.d.m.r.query.MongoQueryCreator - Created query Query: { "email" : "ashutoshkumar1764@gmail.com"}, Fields: {}, Sort: {}
2026-04-28 14:30:43.385 [http-nio-8081-exec-6] DEBUG o.s.data.mongodb.core.MongoTemplate - find using query: { "email" : "ashutoshkumar1764@gmail.com"} fields: Document{{}} sort: { "email" : "ashutoshkumar1764@gmail.com"} for class: class com.enterprise.platform.domain.Lead in collection: leads
2026-04-28 14:31:13.399 [http-nio-8081-exec-6] ERROR c.e.p.controller.LeadController - ❌ Database error while creating lead: Timed out after 30000 ms while waiting for a server that matches ReadPreferenceServerSelector{readPreference=primary}. Client view of cluster state is {type=UNKNOWN, servers=[{address=localhost:27017, type=UNKNOWN, state=CONNECTING, exception={com.mongodb.MongoSocketOpenException: Exception opening socket}, caused by {java.net.ConnectException: Connection refused: getsockopt}}]
2026-04-28 14:33:27.693 [http-nio-8081-exec-8] DEBUG o.s.security.web.FilterChainProxy - Securing POST /api/v1/leads?_timestamp=1777367007636
2026-04-28 14:33:27.697 [http-nio-8081-exec-8] DEBUG o.s.s.w.a.AnonymousAuthenticationFilter - Set SecurityContextHolder to anonymous SecurityContext
2026-04-28 14:33:27.700 [http-nio-8081-exec-8] DEBUG o.s.security.web.FilterChainProxy - Secured POST /api/v1/leads?_timestamp=1777367007636
2026-04-28 14:33:27.708 [http-nio-8081-exec-8] INFO  c.e.p.controller.LeadController - ✅ RECEIVED POST REQUEST /api/v1/leads - Email: ashutoshkumar1764@gmail.com
2026-04-28 14:33:27.711 [http-nio-8081-exec-8] DEBUG o.s.d.m.r.query.MongoQueryCreator - Created query Query: { "email" : "ashutoshkumar1764@gmail.com"}, Fields: {}, Sort: {}
2026-04-28 14:33:27.713 [http-nio-8081-exec-8] DEBUG o.s.data.mongodb.core.MongoTemplate - find using query: { "email" : "ashutoshkumar1764@gmail.com"} fields: Document{{}} sort: { "email" : "ashutoshkumar1764@gmail.com"} for class: class com.enterprise.platform.domain.Lead in collection: leads
2026-04-28 14:33:57.720 [http-nio-8081-exec-8] ERROR c.e.p.controller.LeadController - ❌ Database error while creating lead: Timed out after 30000 ms while waiting for a server that matches ReadPreferenceServerSelector{readPreference=primary}. Client view of cluster state is {type=UNKNOWN, servers=[{address=localhost:27017, type=UNKNOWN, state=CONNECTING, exception={com.mongodb.MongoSocketOpenException: Exception opening socket}, caused by {java.net.ConnectException: Connection refused: getsockopt}}]
